Installing library in C:\Users\nyna-\Documents\Study\Pelevin\endgame\.cabal-sandbox\x86_64-windows-ghc-8.6.3\easy-file-0.2.2-I09n1Z8uAMTC6iOjlXtenw
irectory.hs, dist\dist-sandbox-37ba25ce\build\System\EasyFile\Directory.o )

System\EasyFile\Directory.hs:37:1: warning: [-Wunused-imports]
    The import of `Control.Applicative' is redundant
      except perhaps to import instances from `Control.Applicative'
    To import instances alone, use: import Control.Applicative()
   |
37 | import Control.Applicative
   | ^^^^^^^^^^^^^^^^^^^^^^^^^^
[2 of 4] Compiling System.EasyFile.FilePath ( System\EasyFile\FilePath.hs, dist\dist-sandbox-37ba25ce\build\System\EasyFile\FilePath.o )
[3 of 4] Compiling System.EasyFile.Missing ( System\EasyFile\Missing.hs, dist\dist-sandbox-37ba25ce\build\System\EasyFile\Missing.o )

System\EasyFile\Missing.hs:7:1: warning: [-Wunused-imports]
    The import of `Control.Applicative' is redundant
      except perhaps to import instances from `Control.Applicative'
    To import instances alone, use: import Control.Applicative()
  |
7 | import Control.Applicative
  | ^^^^^^^^^^^^^^^^^^^^^^^^^^
[4 of 4] Compiling System.EasyFile  ( System\EasyFile.hs, dist\dist-sandbox-37ba25ce\build\System\EasyFile.o )
cabal: Leaving directory 'C:\Users\nyna-\AppData\Local\Temp\cabal-tmp-10267\easy-file-0.2.2'
