Installing library in C:\Users\nyna-\Documents\Study\Pelevin\endgame\.cabal-sandbox\x86_64-windows-ghc-8.6.3\old-time-1.1.0.3-2XkcGgLYS3G4Bt8PCBG9iL
e\build\System\Time.hs, dist\dist-sandbox-37ba25ce\build\System\Time.o )
r C compiler default output file name... a.exe
checking for suffix of executables... .exe
checking whether we are cross compiling... no
checking for suffix of object files... o
checking whether we are using the GNU C compiler... yes
checking whether C:\PROGRA~1\HASKEL~1\86A504~1.3\lib\../mingw/bin\gcc.exe accepts -g... yes
checking for C:\PROGRA~1\HASKEL~1\86A504~1.3\lib\../mingw/bin\gcc.exe option to accept ISO C89... none needed
checking how to run the C preprocessor... C:\PROGRA~1\HASKEL~1\86A504~1.3\lib\../mingw/bin\gcc.exe -E
checking for grep that handles long lines and -e... /usr/bin/grep
checking for egrep... /usr/bin/grep -E
checking for ANSI C header files... yes
checking for sys/types.h... yes
checking for sys/stat.h... yes
checking for stdlib.h... yes
checking for string.h... yes
checking for memory.h... yes
checking for strings.h... yes
checking for inttypes.h... yes
checking for stdint.h... yes
checking for unistd.h... yes
checking sys/time.h usability... yes
checking sys/time.h presence... yes
checking for sys/time.h... yes
checking sys/timeb.h usability... yes
checking sys/timeb.h presence... yes
checking for sys/timeb.h... yes
checking time.h usability... yes
checking time.h presence... yes
checking for time.h... yes
checking for ftime... yes
checking for gmtime_r... no
checking for localtime_r... no
checking for gettimeofday... yes
checking whether struct tm is in sys/time.h or time.h... time.h
checking for struct tm.tm_zone... no
checking whether tzname is declared... yes
checking for tzname... yes
checking whether time.h and sys/time.h may both be included... yes
checking for sys/time.h... (cached) yes
checking whether altzone is declared... no
C:\/cygwin64/tmp/cabal-tmp-3227/old-time-1.1.0.3/configure: line 3649: sort: No such file or directory
C:\/cygwin64/tmp/cabal-tmp-3227/old-time-1.1.0.3/configure: line 3646: sed: No such file or directory
configure: creating ./config.status
config.status: creating include/HsTimeConfig.h
configure: WARNING: unrecognized options: --with-compiler
C:\/cygwin64/tmp/cabal-tmp-3227/old-time-1.1.0.3/configure: line 38: sort: No such file or directory
C:\/cygwin64/tmp/cabal-tmp-3227/old-time-1.1.0.3/configure: line 35: sed: No such file or directory
cabal: Leaving directory 'C:\cygwin64\tmp\cabal-tmp-3227\old-time-1.1.0.3'
