Installing library in C:\Users\nyna-\Documents\Study\Pelevin\endgame\.cabal-sandbox\x86_64-windows-ghc-8.6.3\sqlite-simple-0.4.16.0-GTkkTIJkrQKGPijmj8z24g
\SQLite\Simple\Ok.hs, dist\dist-sandbox-37ba25ce\build\Database\SQLite\Simple\Ok.o )
[ 2 of 11] Compiling Database.SQLite.Simple.Internal ( Database\SQLite\Simple\Internal.hs, dist\dist-sandbox-37ba25ce\build\Database\SQLite\Simple\Internal.o )

Database\SQLite\Simple\Internal.hs:22:1: warning: [-Wdodgy-imports]
    Module `Prelude' does not export `catch'
   |
22 | import           Prelude hiding (catch)
   | ^^^^^^^^^^^^^^^^^^^^^^^^^^^^^^^^^^^^^^^
[ 3 of 11] Compiling Database.SQLite.Simple.Time.Implementation ( Database\SQLite\Simple\Time\Implementation.hs, dist\dist-sandbox-37ba25ce\build\Database\SQLite\Simple\Time\Implementation.o )
[ 4 of 11] Compiling Database.SQLite.Simple.Time ( Database\SQLite\Simple\Time.hs, dist\dist-sandbox-37ba25ce\build\Database\SQLite\Simple\Time.o )
[ 5 of 11] Compiling Database.SQLite.Simple.Types ( Database\SQLite\Simple\Types.hs, dist\dist-sandbox-37ba25ce\build\Database\SQLite\Simple\Types.o )
[ 6 of 11] Compiling Database.SQLite.Simple.ToField ( Database\SQLite\Simple\ToField.hs, dist\dist-sandbox-37ba25ce\build\Database\SQLite\Simple\ToField.o )
[ 7 of 11] Compiling Database.SQLite.Simple.ToRow ( Database\SQLite\Simple\ToRow.hs, dist\dist-sandbox-37ba25ce\build\Database\SQLite\Simple\ToRow.o )
[ 8 of 11] Compiling Database.SQLite.Simple.QQ ( Database\SQLite\Simple\QQ.hs, dist\dist-sandbox-37ba25ce\build\Database\SQLite\Simple\QQ.o )
[ 9 of 11] Compiling Database.SQLite.Simple.FromField ( Database\SQLite\Simple\FromField.hs, dist\dist-sandbox-37ba25ce\build\Database\SQLite\Simple\FromField.o )

Database\SQLite\Simple\FromField.hs:37:1: warning: [-Wunused-imports]
    The import of `Applicative'
    from module `Control.Applicative' is redundant
   |
37 | import           Control.Applicative (Applicative, (<$>), pure)
   | ^^^^^^^^^^^^^^^^^^^^^^^^^^^^^^^^^^^^^^^^^^^^^^^^^^^^^^^^^^^^^^^
[10 of 11] Compiling Database.SQLite.Simple.FromRow ( Database\SQLite\Simple\FromRow.hs, dist\dist-sandbox-37ba25ce\build\Database\SQLite\Simple\FromRow.o )
[11 of 11] Compiling Database.SQLite.Simple ( Database\SQLite\Simple.hs, dist\dist-sandbox-37ba25ce\build\Database\SQLite\Simple.o )

Database\SQLite\Simple.hs:105:1: warning: [-Wunused-imports]
    The import of `Control.Applicative' is redundant
      except perhaps to import instances from `Control.Applicative'
    To import instances alone, use: import Control.Applicative()
    |
105 | import           Control.Applicative
    | ^^^^^^^^^^^^^^^^^^^^^^^^^^^^^^^^^^^^
cabal: Leaving directory 'C:\Users\nyna-\AppData\Local\Temp\cabal-tmp-3740\sqlite-simple-0.4.16.0'
